
> @workspace/api-server@0.0.0 start C:\Users\g11ar\Downloads\Web-Response\Web-Response\artifacts\api-server
> node --enable-source-maps ./dist/index.mjs

[08:08:58.323] [31mERROR[39m (28668): [36mError listening on port[39m
    err: {
      "type": "Error",
      "message": "listen EADDRINUSE: address already in use :::8080",
      "stack":
          Error: listen EADDRINUSE: address already in use :::8080
              at Server.setupListenHandle [as _listen2] (node:net:1940:16)
              at listenInCluster (node:net:1997:12)
              at Server.listen (node:net:2102:7)
              at app3.listen (C:\Users\g11ar\Downloads\Web-Response\Web-Response\node_modules\.pnpm\express@5.2.1\node_modules\express\lib\application.js:605:24)
              at <anonymous> (C:\Users\g11ar\Downloads\Web-Response\Web-Response\artifacts\api-server\src\index.ts:24:5)
      "code": "EADDRINUSE",
      "errno": -4091,
      "syscall": "listen",
      "address": "::",
      "port": 8080
    }
C:\Users\g11ar\Downloads\Web-Response\Web-Response\artifacts\api-server:
 ERR_PNPM_RECURSIVE_RUN_FIRST_FAIL  @workspace/api-server@0.0.0 start: `node --enable-source-maps ./dist/index.mjs`
Exit status 1
